2026-04-15T16:07:05 | R5_HY_OAS | 🟡 warning ↑ 🔴 alert | TEST ALERT — synthetic event for pipeline validation
2026-04-15T16:59:06 | LI1_Gold_velocity | 🟢 normal ↑ 🟡 warning | Gold 7d +3.075% — safe-haven accumulation
2026-04-15T16:59:06 | LI9_OVX | 🟢 normal ↑ 🟡 warning | OVX 75.3499984741211 — elevated oil vol
2026-04-16T08:00:48 | LI10_QQQ_SPY | 🟢 normal ↑ 🟡 warning | QQQ/SPY 7d +1.6% — divergence
2026-04-17T00:01:32 | R15_JGB10Y | 🟢 normal ↑ 🟡 warning | level 2.345 in warning zone (>2.0); 7d change +0.23 >= 0.1
2026-04-17T08:00:55 | R9_Resonac | 🟢 normal ↑ 🟡 warning | 13.2% above 20MA
2026-04-17T08:00:55 | R10_ShinEtsu | 🟢 normal ↑ 🟡 warning | 7.6% above 20MA
2026-04-17T08:00:55 | R11_TokyoOhka | 🟢 normal ↑ 🟡 warning | 12.7% above 20MA
2026-04-19T17:00:49 | R15_JGB10Y | 🟢 normal ↑ 🟡 warning | level 2.345 in warning zone (>2.0); 7d change +0.23 >= 0.1
2026-04-21T08:01:11 | R10_ShinEtsu | 🟡 warning ↓ 🟢 normal | +4.4% vs 20MA
2026-04-21T08:01:11 | LI10_QQQ_SPY | 🟡 warning ↓ 🟢 normal | QQQ/SPY 7d +1.42%
2026-04-22T08:00:53 | LI9_OVX | 🟡 warning ↑ 🔴 alert | OVX 85.56999969482422 (7d +14%) — oil shock
2026-04-22T17:00:56 | R9_Resonac | 🟡 warning ↑ 🔴 alert | 19.0% above 20MA
2026-04-23T08:01:15 | R15_JGB10Y | 🟡 warning ↓ 🟢 normal | error: HTTP 500 (series=IRLTLT01JPM156N)
2026-04-23T08:01:15 | LI9_OVX | 🔴 alert ↓ 🟡 warning | OVX 76.7699966430664 — elevated oil vol
2026-04-23T17:00:50 | R9_Resonac | 🔴 alert ↓ 🟡 warning | 11.9% above 20MA
2026-04-23T17:00:50 | R11_TokyoOhka | 🟡 warning ↓ 🟢 normal | +4.0% vs 20MA
2026-04-23T17:00:50 | R13_HuaHong | 🟢 normal ↑ 🔴 alert | 1d drop -5.868%
2026-04-23T17:00:50 | R15_JGB10Y | 🟢 normal ↑ 🟡 warning | level 2.345 in warning zone (>2.0); 7d change +0.23 >= 0.1
2026-04-24T17:00:46 | R11_TokyoOhka | 🟢 normal ↑ 🟡 warning | 5.4% above 20MA
2026-04-24T17:00:46 | R13_HuaHong | 🔴 alert ↓ 🟢 normal | +20.5% vs 20MA
2026-04-25T08:01:06 | LI10_QQQ_SPY | 🟢 normal ↑ 🟡 warning | QQQ/SPY 7d +1.8% — divergence
2026-04-25T17:00:28 | R15_JGB10Y | 🟢 normal ↑ 🟡 warning | level 2.345 in warning zone (>2.0); 7d change +0.23 >= 0.1
2026-04-27T17:00:55 | R11_TokyoOhka | 🟡 warning ↓ 🟢 normal | +4.1% vs 20MA
2026-04-27T17:00:55 | R15_JGB10Y | 🟢 normal ↑ 🟡 warning | level 2.345 in warning zone (>2.0); 7d change +0.23 >= 0.1
2026-04-28T08:01:14 | LI11_XRT | 🟢 normal ↑ 🟡 warning | XRT 7d -3.092% — retail weakness
2026-04-28T17:00:52 | R10_ShinEtsu | 🟢 normal ↑ 🟡 warning | 6.0% above 20MA
2026-04-28T17:00:52 | R12_SMIC | 🟢 normal ↑ 🔴 alert | 1d drop -3.223%
2026-04-29T10:01:42 | R12_SMIC | 🔴 alert ↓ 🟢 normal | +11.8% vs 20MA
2026-04-29T10:01:42 | R13_HuaHong | 🟢 normal ↑ 🔴 alert | 1d drop -4.766%
2026-04-29T10:01:42 | LI10_QQQ_SPY | 🟡 warning ↓ 🟢 normal | QQQ/SPY 7d +0.96%
2026-04-29T17:03:34 | R6_CCC_spread | 🟡 warning ↓ 🟢 normal | error: HTTPSConnectionPool(host='api.stlouisfed.org', port=443): Max retries exceeded with url: /fred/series/observations?series_id=BAMLH0A3HYC&observation_start=2026-03-30&sort_order=desc&limit=30&api_key=6a5d35d404cd499922a54959afa48da1&file_type=json (Caused by NameResolutionError("HTTPSConnection(host='api.stlouisfed.org', port=443): Failed to resolve 'api.stlouisfed.org' ([Errno 8] nodename nor servname provided, or not known)")) (series=BAMLH0A3HYC)
2026-04-29T17:03:34 | R9_Resonac | 🟡 warning ↓ 🟢 normal | error: yfinance retry failed: 'NoneType' object is not subscriptable
2026-04-29T17:03:34 | R13_HuaHong | 🔴 alert ↓ 🟢 normal | error: yfinance retry failed: 'NoneType' object is not subscriptable
2026-04-29T17:03:34 | LI9_OVX | 🟡 warning ↓ 🟢 normal | error: yfinance retry failed: 'NoneType' object is not subscriptable
2026-04-30T08:01:10 | R6_CCC_spread | 🟢 normal ↑ 🟡 warning | level 9.11 in warning zone (>8.0)
2026-04-30T08:01:10 | R9_Resonac | 🟢 normal ↑ 🟡 warning | 10.3% above 20MA
2026-04-30T08:01:10 | R10_ShinEtsu | 🟢 normal ↑ 🟡 warning | 6.0% above 20MA
2026-04-30T08:01:10 | R13_HuaHong | 🟢 normal ↑ 🔴 alert | 1d drop -4.59%
2026-04-30T08:01:10 | R15_JGB10Y | 🟢 normal ↑ 🟡 warning | level 2.345 in warning zone (>2.0)
2026-04-30T08:01:10 | LI9_OVX | 🟢 normal ↑ 🟡 warning | OVX 75.95999908447266 — elevated oil vol
2026-04-30T08:01:10 | LI11_XRT | 🟢 normal ↑ 🟡 warning | XRT 7d -3.788% — retail weakness
2026-04-30T17:01:03 | R13_HuaHong | 🔴 alert ↓ 🟢 normal | +19.6% vs 20MA
2026-05-04T08:01:00 | R15_JGB10Y | 🟡 warning ↓ 🟢 normal | error: HTTP 500 (series=IRLTLT01JPM156N)
2026-05-05T08:01:02 | R15_JGB10Y | 🟢 normal ↑ 🟡 warning | level 2.345 in warning zone (>2.0)
2026-05-05T08:01:02 | LI3_MOVE | 🟢 normal ↑ 🟡 warning | MOVE 77.86299896240234 — elevated bond vol
2026-05-06T08:01:18 | LI10_QQQ_SPY | 🟢 normal ↑ 🟡 warning | QQQ/SPY 7d +1.9% — divergence
2026-05-06T17:01:08 | R3_UST30Y | 🟢 normal ↑ 🟡 warning | level 5.02 in warning zone (>5.0)
2026-05-06T17:01:08 | R6_CCC_spread | 🟡 warning ↓ 🟢 normal | error: HTTP 500 (series=BAMLH0A3HYC)
2026-05-07T08:00:53 | R6_CCC_spread | 🟢 normal ↑ 🟡 warning | level 9.11 in warning zone (>8.0)
2026-05-07T08:00:53 | R18_EUFN_volume | 🟢 normal ↑ 🔴 alert | volume 4.412x vs 30d avg
2026-05-07T08:00:53 | LI1_Gold_velocity | 🟢 normal ↑ 🟡 warning | Gold 7d +3.246% — safe-haven accumulation
2026-05-07T17:00:54 | R9_Resonac | 🟡 warning ↑ 🔴 alert | 16.4% above 20MA
2026-05-07T17:00:54 | R11_TokyoOhka | 🟢 normal ↑ 🟡 warning | 8.3% above 20MA
2026-05-08T08:01:02 | R18_EUFN_volume | 🔴 alert ↓ 🟢 normal | volume 1.298x
2026-05-08T17:01:06 | R12_SMIC | 🟢 normal ↑ 🔴 alert | 1d drop -4.43%
2026-05-08T17:01:06 | R13_HuaHong | 🟢 normal ↑ 🔴 alert | 1d drop -7.496%
2026-05-09T08:01:11 | LI10_QQQ_SPY | 🟡 warning ↑ 🔴 alert | QQQ/SPY 7d +3.1% — tech leading
2026-05-10T17:00:48 | R6_CCC_spread | 🟡 warning ↓ 🟢 normal | error: HTTP 500 (series=BAMLH0A3HYC)
2026-05-11T08:01:21 | R6_CCC_spread | 🟢 normal ↑ 🟡 warning | level 9.15 in warning zone (>8.0)
2026-05-11T17:00:42 | R11_TokyoOhka | 🟡 warning ↑ 🔴 alert | 20.8% above 20MA
2026-05-11T17:00:42 | R12_SMIC | 🔴 alert ↓ 🟢 normal | +16.8% vs 20MA
2026-05-11T17:00:42 | R13_HuaHong | 🔴 alert ↓ 🟢 normal | +23.5% vs 20MA
2026-05-12T08:01:08 | LI1_Gold_velocity | 🟢 normal ↑ 🟡 warning | Gold 7d +4.808% — safe-haven accumulation
2026-05-12T08:01:08 | LI10_QQQ_SPY | 🔴 alert ↓ 🟡 warning | QQQ/SPY 7d +3.0% — divergence
2026-05-12T17:00:51 | R13_HuaHong | 🟢 normal ↑ 🔴 alert | 1d drop -3.358%
2026-05-13T08:01:02 | LI11_XRT | 🟢 normal ↑ 🟡 warning | XRT 7d -4.373% — retail weakness
2026-05-13T17:01:11 | R12_SMIC | 🟢 normal ↑ 🔴 alert | 1d drop -3.198%
2026-05-13T17:01:11 | R13_HuaHong | 🔴 alert ↓ 🟢 normal | +15.4% vs 20MA
2026-05-13T17:01:11 | R15_JGB10Y | 🟡 warning ↓ 🟢 normal | error: HTTP 500 (series=IRLTLT01JPM156N)
2026-05-14T08:01:07 | R3_UST30Y | 🟢 normal ↑ 🟡 warning | level 5.03 in warning zone (>5.0)
2026-05-14T08:01:07 | R15_JGB10Y | 🟢 normal ↑ 🟡 warning | level 2.345 in warning zone (>2.0)
2026-05-14T08:01:07 | R18_EUFN_volume | 🟢 normal ↑ 🟡 warning | volume 2.46x vs 30d avg
2026-05-14T08:01:07 | LI4_KRE | 🟢 normal ↑ 🟡 warning | KRE 7d -5.049% — regional bank weakness
2026-05-14T08:01:07 | LI11_XRT | 🟡 warning ↑ 🔴 alert | XRT 7d -6.331% — consumer collapse signal
2026-05-15T08:01:10 | LI10_QQQ_SPY | 🟡 warning ↓ 🟢 normal | QQQ/SPY 7d +1.28%
2026-05-15T08:01:10 | LI11_XRT | 🔴 alert ↓ 🟡 warning | XRT 7d -4.707% — retail weakness
2026-05-15T18:04:44 | R3_UST30Y | 🟢 normal ↑ 🟡 warning | level 5.03 in warning zone (>5.0)
2026-05-15T18:04:44 | R10_ShinEtsu | 🟡 warning ↓ 🟢 normal | +0.4% vs 20MA
2026-05-15T18:04:44 | R11_TokyoOhka | 🔴 alert ↓ 🟡 warning | 10.5% above 20MA
2026-05-15T18:04:44 | R12_SMIC | 🔴 alert ↓ 🟢 normal | +3.9% vs 20MA
2026-05-15T18:04:44 | R13_HuaHong | 🟢 normal ↑ 🔴 alert | 1d drop -8.74%
2026-05-16T08:16:09 | R15_JGB10Y | 🟡 warning ↑ 🔴 alert | level 2.515 crossed alert 2.5
2026-05-16T08:16:09 | LI3_MOVE | 🟢 normal ↑ 🔴 alert | MOVE 79.87110137939453 (7d +18.8%) — bond vol spike
2026-05-16T08:16:09 | LI4_KRE | 🟢 normal ↑ 🟡 warning | KRE 7d -4.123% — regional bank weakness
2026-05-16T08:16:09 | LI11_XRT | 🟡 warning ↑ 🔴 alert | XRT 7d -6.645% — consumer collapse signal
2026-05-18T17:00:27 | R9_Resonac | 🔴 alert ↓ 🟡 warning | 11.5% above 20MA
2026-05-18T17:00:27 | R12_SMIC | 🟢 normal ↑ 🔴 alert | 1d drop -3.443%
2026-05-18T17:00:27 | R13_HuaHong | 🔴 alert ↓ 🟢 normal | -0.9% vs 20MA
2026-05-19T08:59:16 | R4_TIPS10Y | 🟢 normal ↑ 🟡 warning | 1d change +0.10 >= 0.1
2026-05-19T08:59:16 | R11_TokyoOhka | 🟡 warning ↓ 🟢 normal | +2.6% vs 20MA
2026-05-19T08:59:16 | LI4_KRE | 🟡 warning ↓ 🟢 normal | KRE 7d -0.9%
2026-05-19T08:59:16 | LI11_XRT | 🔴 alert ↓ 🟢 normal | XRT 7d -2.5%
2026-05-19T17:00:33 | R12_SMIC | 🔴 alert ↓ 🟢 normal | -1.3% vs 20MA
2026-05-21T17:00:20 | R9_Resonac | 🟢 normal ↑ 🟡 warning | 11.5% above 20MA
2026-05-21T17:00:20 | R11_TokyoOhka | 🟢 normal ↑ 🟡 warning | 6.6% above 20MA
2026-05-21T17:00:20 | R13_HuaHong | 🟢 normal ↑ 🔴 alert | 1d drop -3.614%
2026-05-22T08:54:21 | LI3_MOVE | 🔴 alert ↓ 🟡 warning | MOVE 79.71790313720703 — elevated bond vol
2026-05-22T17:00:22 | R13_HuaHong | 🔴 alert ↓ 🟢 normal | +5.8% vs 20MA
2026-05-25T17:39:45 | R9_Resonac | 🟡 warning ↑ 🔴 alert | 20.8% above 20MA
2026-05-27T08:04:12 | LI10_QQQ_SPY | 🟢 normal ↑ 🟡 warning | QQQ/SPY 7d +1.8% — divergence
2026-05-28T08:10:33 | LI2_UST10Y_drop | 🟢 normal ↑ 🟡 warning | UST 10Y 7d -17bp — safe-haven demand
2026-05-28T17:00:28 | R9_Resonac | 🔴 alert ↓ 🟡 warning | 9.9% above 20MA
2026-05-28T17:00:28 | R11_TokyoOhka | 🟡 warning ↓ 🟢 normal | +4.5% vs 20MA
